<?xml version="1.0" encoding="UTF-8"?>
<!-- Generated by org.testng.reporters.JUnitReportReporter -->
<testsuite hostname="prathi" failures="0" tests="1" name="POM_TestCases.DWS_ContactUsTest" time="1.391" errors="0" timestamp="2022-11-21T15:56:54 IST" skipped="0">
  <testcase classname="POM_TestCases.DWS_ContactUsTest" name="Register" time="1.391"/>
  <system-out/>
</testsuite> <!-- POM_TestCases.DWS_ContactUsTest -->
