<?xml version="1.0" encoding="UTF-8"?>
<!-- Generated by org.testng.reporters.JUnitReportReporter -->
<testsuite hostname="prathi" failures="0" tests="2" name="POM_TestCases.DWS_SearchTest" time="0.212" errors="0" timestamp="2022-11-21T16:46:47 IST" skipped="0">
  <testcase classname="POM_TestCases.DWS_SearchTest" name="Register" time="0.080"/>
  <system-out/>
  <testcase classname="POM_TestCases.DWS_SearchTest" name="Register" time="0.132"/>
  <system-out/>
</testsuite> <!-- POM_TestCases.DWS_SearchTest -->
