<?xml version="1.0" encoding="UTF-8"?>
<!-- Generated by org.testng.reporters.JUnitReportReporter -->
<testsuite hostname="prathi" failures="0" tests="5" name="testng_basics.DataProviders_2D_Register" time="45.012" errors="0" timestamp="2022-11-11T17:56:33 IST" skipped="0">
  <testcase classname="testng_basics.DataProviders_2D_Register" name="testdataregister" time="8.318"/>
  <system-out/>
  <testcase classname="testng_basics.DataProviders_2D_Register" name="testdataregister" time="10.140"/>
  <system-out/>
  <testcase classname="testng_basics.DataProviders_2D_Register" name="testdataregister" time="8.852"/>
  <system-out/>
  <testcase classname="testng_basics.DataProviders_2D_Register" name="testdataregister" time="8.122"/>
  <system-out/>
  <testcase classname="testng_basics.DataProviders_2D_Register" name="testdataregister" time="9.580"/>
  <system-out/>
</testsuite> <!-- testng_basics.DataProviders_2D_Register -->
