<?xml version="1.0" encoding="UTF-8"?>
<!-- Generated by org.testng.reporters.JUnitReportReporter -->
<testsuite hostname="prathi" failures="0" tests="3" name="testng_basics.Working_With_Groups2" time="0.016" errors="0" timestamp="2022-11-10T16:10:05 IST" skipped="0">
  <testcase classname="testng_basics.Working_With_Groups2" name="Wishlist" time="0.002"/>
  <system-out/>
  <testcase classname="testng_basics.Working_With_Groups2" name="AdvanceSearch" time="0.001"/>
  <system-out/>
  <testcase classname="testng_basics.Working_With_Groups2" name="AddToCart" time="0.013"/>
  <system-out/>
</testsuite> <!-- testng_basics.Working_With_Groups2 -->
