<?xml version="1.0" encoding="UTF-8"?>
<!-- Generated by org.testng.reporters.JUnitReportReporter -->
<testsuite hostname="prathi" failures="0" tests="1" name="testng_basics.DataProviders_2D" time="0.013" errors="0" timestamp="2022-11-11T15:33:27 IST" skipped="0">
  <testcase classname="testng_basics.DataProviders_2D" name="testdatademo" time="0.013"/>
  <system-out/>
</testsuite> <!-- testng_basics.DataProviders_2D -->
