<?xml version="1.0" encoding="UTF-8"?>
<!-- Generated by org.testng.reporters.JUnitReportReporter -->
<testsuite hostname="prathi" failures="0" tests="5" name="testng_basics.DataProviders_2D_Login" time="108.057" errors="0" timestamp="2022-11-14T10:47:17 IST" skipped="0">
  <testcase classname="testng_basics.DataProviders_2D_Login" name="testdatalogin" time="14.869"/>
  <system-out/>
  <testcase classname="testng_basics.DataProviders_2D_Login" name="testdatalogin" time="17.844"/>
  <system-out/>
  <testcase classname="testng_basics.DataProviders_2D_Login" name="testdatalogin" time="28.040"/>
  <system-out/>
  <testcase classname="testng_basics.DataProviders_2D_Login" name="testdatalogin" time="33.471"/>
  <system-out/>
  <testcase classname="testng_basics.DataProviders_2D_Login" name="testdatalogin" time="13.833"/>
  <system-out/>
</testsuite> <!-- testng_basics.DataProviders_2D_Login -->
