<?xml version="1.0" encoding="UTF-8"?>
<!-- Generated by org.testng.reporters.JUnitReportReporter -->
<testsuite hostname="prathi" failures="0" tests="5" name="testng_basics.HelperMethods_DemoWebShop" time="0.014" errors="0" timestamp="2022-11-10T11:14:41 IST" skipped="0">
  <testcase classname="testng_basics.HelperMethods_DemoWebShop" name="Wishlist" time="0.001"/>
  <system-out/>
  <testcase classname="testng_basics.HelperMethods_DemoWebShop" name="Login" time="0.001"/>
  <system-out/>
  <testcase classname="testng_basics.HelperMethods_DemoWebShop" name="Search" time="0.002"/>
  <system-out/>
  <testcase classname="testng_basics.HelperMethods_DemoWebShop" name="Register" time="0.009"/>
  <system-out/>
  <testcase classname="testng_basics.HelperMethods_DemoWebShop" name="Logout" time="0.001"/>
  <system-out/>
</testsuite> <!-- testng_basics.HelperMethods_DemoWebShop -->
