<?xml version="1.0" encoding="UTF-8"?>
<!-- Generated by org.testng.reporters.JUnitReportReporter -->
<testsuite hostname="prathi" failures="0" tests="5" name="testng_basics.DataProviders_2D_DataParameterisation" time="0.016" errors="0" timestamp="2022-11-11T15:52:34 IST" skipped="0">
  <testcase classname="testng_basics.DataProviders_2D_DataParameterisation" name="testdatademo" time="0.001"/>
  <system-out/>
  <testcase classname="testng_basics.DataProviders_2D_DataParameterisation" name="testdatademo" time="0.012"/>
  <system-out/>
  <testcase classname="testng_basics.DataProviders_2D_DataParameterisation" name="testdatademo" time="0.001"/>
  <system-out/>
  <testcase classname="testng_basics.DataProviders_2D_DataParameterisation" name="testdatademo" time="0.001"/>
  <system-out/>
  <testcase classname="testng_basics.DataProviders_2D_DataParameterisation" name="testdatademo" time="0.001"/>
  <system-out/>
</testsuite> <!-- testng_basics.DataProviders_2D_DataParameterisation -->
