<?xml version="1.0" encoding="UTF-8"?>
<!-- Generated by org.testng.reporters.JUnitReportReporter -->
<testsuite hostname="prathi" failures="0" tests="2" name="testcases.Testng_Login_TC" time="47.599" errors="0" timestamp="2022-11-16T17:49:11 IST" skipped="0">
  <testcase classname="testcases.Testng_Login_TC" name="login" time="40.572"/>
  <system-out/>
  <testcase classname="testcases.Testng_Login_TC" name="login" time="7.027"/>
  <system-out/>
</testsuite> <!-- testcases.Testng_Login_TC -->
