<?xml version="1.0" encoding="UTF-8"?>
<!-- Generated by org.testng.reporters.JUnitReportReporter -->
<testsuite hostname="prathi" failures="0" tests="2" name="testcases.Tetsng_Register_TC" time="10.921" errors="0" timestamp="2022-11-16T17:49:11 IST" skipped="0">
  <testcase classname="testcases.Tetsng_Register_TC" name="Register" time="6.065"/>
  <system-out/>
  <testcase classname="testcases.Tetsng_Register_TC" name="Register" time="4.856"/>
  <system-out/>
</testsuite> <!-- testcases.Tetsng_Register_TC -->
