<?xml version="1.0" encoding="UTF-8"?>
<!-- Generated by org.testng.reporters.JUnitReportReporter -->
<testsuite hostname="prathi" failures="0" tests="1" name="testng_basics.Excel_Demo" time="0.729" errors="0" timestamp="2022-11-15T17:46:37 IST" skipped="0">
  <testcase classname="testng_basics.Excel_Demo" name="exceldemo" time="0.729"/>
  <system-out/>
</testsuite> <!-- testng_basics.Excel_Demo -->
