<?xml version="1.0" encoding="UTF-8"?>
<!-- Generated by org.testng.reporters.JUnitReportReporter -->
<testsuite hostname="prathi" failures="0" tests="1" name="testcases.Login_TC" time="52.078" errors="0" timestamp="2022-11-08T15:07:21 IST" skipped="0">
  <testcase classname="testcases.Login_TC" name="login" time="52.078"/>
  <system-out/>
</testsuite> <!-- testcases.Login_TC -->
