<?xml version="1.0" encoding="UTF-8"?>
<!-- Generated by org.testng.reporters.JUnitReportReporter -->
<testsuite hostname="prathi" failures="0" tests="4" name="testng_basics.DemoWebShop_Exclude" time="0.020" errors="0" timestamp="2022-11-10T12:33:33 IST" skipped="0">
  <testcase classname="testng_basics.DemoWebShop_Exclude" name="Search" time="0.001"/>
  <system-out/>
  <testcase classname="testng_basics.DemoWebShop_Exclude" name="Login" time="0.015"/>
  <system-out/>
  <testcase classname="testng_basics.DemoWebShop_Exclude" name="Logout" time="0.002"/>
  <system-out/>
  <testcase classname="testng_basics.DemoWebShop_Exclude" name="Register" time="0.002"/>
  <system-out/>
</testsuite> <!-- testng_basics.DemoWebShop_Exclude -->
