<?xml version="1.0" encoding="UTF-8"?>
<!-- Generated by org.testng.reporters.JUnitReportReporter -->
<testsuite hostname="prathi" failures="0" tests="1" name="POM_TestCases.DemoWebShop_LoginTest" time="1.059" errors="0" timestamp="2022-11-21T16:46:47 IST" skipped="0">
  <testcase classname="POM_TestCases.DemoWebShop_LoginTest" name="Register" time="1.059"/>
  <system-out/>
</testsuite> <!-- POM_TestCases.DemoWebShop_LoginTest -->
