<?xml version="1.0" encoding="UTF-8"?>
<!-- Generated by org.testng.reporters.JUnitReportReporter -->
<testsuite hostname="prathi" failures="0" tests="1" name="testng_basics.Data_Providers" time="0.011" errors="0" timestamp="2022-11-11T15:33:42 IST" skipped="0">
  <testcase classname="testng_basics.Data_Providers" name="testdatademo" time="0.011"/>
  <system-out/>
</testsuite> <!-- testng_basics.Data_Providers -->
