<?xml version="1.0" encoding="UTF-8"?>
<!-- Generated by org.testng.reporters.JUnitReportReporter -->
<testsuite hostname="prathi" failures="0" tests="1" name="testng_basics.PropertyFile_FirstName" time="0.014" errors="0" timestamp="2022-11-15T15:22:57 IST" skipped="0">
  <testcase classname="testng_basics.PropertyFile_FirstName" name="propertydemo" time="0.014"/>
  <system-out/>
</testsuite> <!-- testng_basics.PropertyFile_FirstName -->
