<?xml version="1.0" encoding="UTF-8"?>
<!-- Generated by org.testng.reporters.JUnitReportReporter -->
<testsuite hostname="prathi" failures="0" tests="1" name="testcases.DataProviders_2D_Login" time="24.320" errors="0" timestamp="2022-11-14T16:16:32 IST" skipped="0">
  <testcase classname="testcases.DataProviders_2D_Login" name="testdatalogin" time="24.320"/>
  <system-out/>
</testsuite> <!-- testcases.DataProviders_2D_Login -->
