<?xml version="1.0" encoding="UTF-8"?>
<!-- Generated by org.testng.reporters.JUnitReportReporter -->
<testsuite hostname="prathi" failures="0" tests="1" name="testcases.Register_TC" time="43.363" errors="0" timestamp="2022-11-08T15:02:31 IST" skipped="0">
  <testcase classname="testcases.Register_TC" name="register" time="43.363"/>
  <system-out/>
</testsuite> <!-- testcases.Register_TC -->
