<?xml version="1.0" encoding="UTF-8"?>
<!-- Generated by org.testng.reporters.JUnitReportReporter -->
<testsuite hostname="prathi" failures="0" tests="1" name="testng_basics.Working_With_Groups1" time="0.011" errors="0" timestamp="2022-11-10T16:09:13 IST" skipped="0">
  <testcase classname="testng_basics.Working_With_Groups1" name="Register" time="0.011"/>
  <system-out/>
</testsuite> <!-- testng_basics.Working_With_Groups1 -->
