<?xml version="1.0" encoding="UTF-8"?>
<!-- Generated by org.testng.reporters.JUnitReportReporter -->
<testsuite hostname="prathi" failures="0" tests="1" name="POM_TestCases.DWS_JewelryTest" time="1.166" errors="0" timestamp="2022-11-21T16:46:47 IST" skipped="0">
  <testcase classname="POM_TestCases.DWS_JewelryTest" name="TC11" time="1.166"/>
  <system-out/>
</testsuite> <!-- POM_TestCases.DWS_JewelryTest -->
