<?xml version="1.0" encoding="UTF-8"?>
<!-- Generated by org.testng.reporters.JUnitReportReporter -->
<testsuite hostname="prathi" failures="0" tests="1" name="testng_basics.ParallelExecution_Demowebshop_SearchBooks" time="13.145" errors="0" timestamp="2022-11-11T12:21:55 IST" skipped="0">
  <testcase classname="testng_basics.ParallelExecution_Demowebshop_SearchBooks" name="paralleldemo" time="13.145"/>
  <system-out/>
</testsuite> <!-- testng_basics.ParallelExecution_Demowebshop_SearchBooks -->
