<?xml version="1.0" encoding="UTF-8"?>
<!-- Generated by org.testng.reporters.JUnitReportReporter -->
<testsuite hostname="prathi" failures="0" tests="2" name="testng_basics.ConfigurationAnnotations" time="0.010" errors="0" timestamp="2022-11-09T13:11:22 IST" skipped="0">
  <testcase classname="testng_basics.ConfigurationAnnotations" name="Infosys" time="0.008"/>
  <system-out/>
  <testcase classname="testng_basics.ConfigurationAnnotations" name="Testyantra" time="0.002"/>
  <system-out/>
</testsuite> <!-- testng_basics.ConfigurationAnnotations -->
