<?xml version="1.0" encoding="UTF-8"?>
<!-- Generated by org.testng.reporters.JUnitReportReporter -->
<testsuite hostname="prathi" failures="0" tests="5" name="testng_basics.DataProviders_2D_Search" time="45.952" errors="0" timestamp="2022-11-14T10:51:45 IST" skipped="0">
  <testcase classname="testng_basics.DataProviders_2D_Search" name="testdatalogin" time="9.217"/>
  <system-out/>
  <testcase classname="testng_basics.DataProviders_2D_Search" name="testdatalogin" time="9.860"/>
  <system-out/>
  <testcase classname="testng_basics.DataProviders_2D_Search" name="testdatalogin" time="7.898"/>
  <system-out/>
  <testcase classname="testng_basics.DataProviders_2D_Search" name="testdatalogin" time="9.073"/>
  <system-out/>
  <testcase classname="testng_basics.DataProviders_2D_Search" name="testdatalogin" time="9.904"/>
  <system-out/>
</testsuite> <!-- testng_basics.DataProviders_2D_Search -->
