<?xml version="1.0" encoding="UTF-8"?>
<!-- Generated by org.testng.reporters.JUnitReportReporter -->
<testsuite hostname="prathi" failures="0" tests="1" name="testng_basics.DataProviders_2D_Computers_Accessories" time="12.114" errors="0" timestamp="2022-11-14T10:49:01 IST" skipped="0">
  <testcase classname="testng_basics.DataProviders_2D_Computers_Accessories" name="testdatalogin" time="12.114"/>
  <system-out/>
</testsuite> <!-- testng_basics.DataProviders_2D_Computers_Accessories -->
