<?xml version="1.0" encoding="UTF-8"?>
<!-- Generated by org.testng.reporters.JUnitReportReporter -->
<testsuite hostname="prathi" failures="0" tests="1" name="POM_TestCases.DWS_VottingPollTest" time="0.312" errors="0" timestamp="2022-11-21T16:46:47 IST" skipped="0">
  <testcase classname="POM_TestCases.DWS_VottingPollTest" name="Voting" time="0.312"/>
  <system-out/>
</testsuite> <!-- POM_TestCases.DWS_VottingPollTest -->
