<?xml version="1.0" encoding="UTF-8"?>
<!-- Generated by org.testng.reporters.JUnitReportReporter -->
<testsuite hostname="prathi" failures="0" tests="2" name="testng_basics.Working_With_Groups_Priority1" time="0.012" errors="0" timestamp="2022-11-10T16:23:09 IST" skipped="0">
  <testcase classname="testng_basics.Working_With_Groups_Priority1" name="Register" time="0.011"/>
  <system-out/>
  <testcase classname="testng_basics.Working_With_Groups_Priority1" name="Login" time="0.001"/>
  <system-out/>
</testsuite> <!-- testng_basics.Working_With_Groups_Priority1 -->
