<?xml version="1.0" encoding="UTF-8"?>
<!-- Generated by org.testng.reporters.JUnitReportReporter -->
<testsuite hostname="prathi" failures="0" tests="1" name="testcases.Search_TC" time="20.516" errors="0" timestamp="2022-11-08T15:01:02 IST" skipped="0">
  <testcase classname="testcases.Search_TC" name="search" time="20.516"/>
  <system-out/>
</testsuite> <!-- testcases.Search_TC -->
