<?xml version="1.0" encoding="UTF-8"?>
<!-- Generated by org.testng.reporters.JUnitReportReporter -->
<testsuite hostname="prathi" failures="0" tests="5" name="testng_basics.DataProviders_2D_AdvanceSearch" time="43.490" errors="0" timestamp="2022-11-14T10:53:26 IST" skipped="0">
  <testcase classname="testng_basics.DataProviders_2D_AdvanceSearch" name="testdatalogin" time="10.012"/>
  <system-out/>
  <testcase classname="testng_basics.DataProviders_2D_AdvanceSearch" name="testdatalogin" time="8.007"/>
  <system-out/>
  <testcase classname="testng_basics.DataProviders_2D_AdvanceSearch" name="testdatalogin" time="8.886"/>
  <system-out/>
  <testcase classname="testng_basics.DataProviders_2D_AdvanceSearch" name="testdatalogin" time="7.686"/>
  <system-out/>
  <testcase classname="testng_basics.DataProviders_2D_AdvanceSearch" name="testdatalogin" time="8.899"/>
  <system-out/>
</testsuite> <!-- testng_basics.DataProviders_2D_AdvanceSearch -->
