<?xml version="1.0" encoding="UTF-8"?>
<!-- Generated by org.testng.reporters.JUnitReportReporter -->
<testsuite hostname="prathi" failures="0" tests="1" name="testng_basics.DemoWebShop_Search" time="48.478" errors="0" timestamp="2022-11-08T13:05:08 IST" skipped="0">
  <testcase classname="testng_basics.DemoWebShop_Search" name="search" time="48.478"/>
  <system-out/>
</testsuite> <!-- testng_basics.DemoWebShop_Search -->
