<?xml version="1.0" encoding="UTF-8"?>
<!-- Generated by org.testng.reporters.JUnitReportReporter -->
<testsuite hostname="prathi" failures="0" tests="5" name="testng_basics.HelperMethods_DemoWebShop_Priority" time="0.016" errors="0" timestamp="2022-11-10T11:19:11 IST" skipped="0">
  <testcase classname="testng_basics.HelperMethods_DemoWebShop_Priority" name="Register" time="0.011"/>
  <system-out/>
  <testcase classname="testng_basics.HelperMethods_DemoWebShop_Priority" name="Login" time="0.001"/>
  <system-out/>
  <testcase classname="testng_basics.HelperMethods_DemoWebShop_Priority" name="Search" time="0.002"/>
  <system-out/>
  <testcase classname="testng_basics.HelperMethods_DemoWebShop_Priority" name="Wishlist" time="0.001"/>
  <system-out/>
  <testcase classname="testng_basics.HelperMethods_DemoWebShop_Priority" name="Logout" time="0.001"/>
  <system-out/>
</testsuite> <!-- testng_basics.HelperMethods_DemoWebShop_Priority -->
