<?xml version="1.0" encoding="UTF-8"?>
<!-- Generated by org.testng.reporters.JUnitReportReporter -->
<testsuite hostname="prathi" failures="0" tests="1" name="testng_basics.Working_with_basics" time="0.011" errors="0" timestamp="2022-11-08T12:48:11 IST" skipped="0">
  <testcase classname="testng_basics.Working_with_basics" name="Demo" time="0.011"/>
  <system-out/>
</testsuite> <!-- testng_basics.Working_with_basics -->
