<?xml version="1.0" encoding="UTF-8"?>
<!-- Generated by org.testng.reporters.JUnitReportReporter -->
<testsuite hostname="prathi" failures="0" tests="3" name="testng_basics.Parallel_Execution_DemoWebShop_Navigate" time="34.652" errors="0" timestamp="2022-11-11T11:50:13 IST" skipped="0">
  <testcase classname="testng_basics.Parallel_Execution_DemoWebShop_Navigate" name="paralleldemo" time="7.322"/>
  <system-out/>
  <testcase classname="testng_basics.Parallel_Execution_DemoWebShop_Navigate" name="paralleldemo" time="13.676"/>
  <system-out/>
  <testcase classname="testng_basics.Parallel_Execution_DemoWebShop_Navigate" name="paralleldemo" time="13.654"/>
  <system-out/>
</testsuite> <!-- testng_basics.Parallel_Execution_DemoWebShop_Navigate -->
