<?xml version="1.0" encoding="UTF-8"?>
<!-- Generated by org.testng.reporters.JUnitReportReporter -->
<testsuite hostname="prathi" failures="0" tests="1" name="POM_TestCases.DWS_ElectronicsTest" time="0.766" errors="0" timestamp="2022-11-21T16:46:47 IST" skipped="0">
  <testcase classname="POM_TestCases.DWS_ElectronicsTest" name="TC08" time="0.766"/>
  <system-out/>
</testsuite> <!-- POM_TestCases.DWS_ElectronicsTest -->
