<?xml version="1.0" encoding="UTF-8"?>
<!-- Generated by org.testng.reporters.JUnitReportReporter -->
<testsuite hostname="prathi" failures="0" tests="2" name="testng_basics.HelperMethods_DemoWebShop_Include" time="0.015" errors="0" timestamp="2022-11-10T12:26:09 IST" skipped="0">
  <testcase classname="testng_basics.HelperMethods_DemoWebShop_Include" name="Login" time="0.014"/>
  <system-out/>
  <testcase classname="testng_basics.HelperMethods_DemoWebShop_Include" name="Logout" time="0.001"/>
  <system-out/>
</testsuite> <!-- testng_basics.HelperMethods_DemoWebShop_Include -->
