<?xml version="1.0" encoding="UTF-8"?>
<!-- Generated by org.testng.reporters.JUnitReportReporter -->
<testsuite hostname="prathi" failures="0" tests="2" name="testcases.Tetsng_Search_TC" time="4.545" errors="0" timestamp="2022-11-16T17:49:11 IST" skipped="0">
  <testcase classname="testcases.Tetsng_Search_TC" name="search" time="2.170"/>
  <system-out/>
  <testcase classname="testcases.Tetsng_Search_TC" name="search" time="2.375"/>
  <system-out/>
</testsuite> <!-- testcases.Tetsng_Search_TC -->
