<?xml version="1.0" encoding="UTF-8"?>
<!-- Generated by org.testng.reporters.JUnitReportReporter -->
<testsuite hostname="prathi" failures="0" tests="1" name="testng_basics.Excel_1row_MultipleColumns" time="0.582" errors="0" timestamp="2022-11-16T10:06:26 IST" skipped="0">
  <testcase classname="testng_basics.Excel_1row_MultipleColumns" name="exceldemo" time="0.582"/>
  <system-out/>
</testsuite> <!-- testng_basics.Excel_1row_MultipleColumns -->
