<?xml version="1.0" encoding="UTF-8"?>
<!-- Generated by org.testng.reporters.JUnitReportReporter -->
<testsuite hostname="prathi" failures="0" tests="1" name="testcases.DataProviders_2D_Computers_Accessories" time="6.838" errors="0" timestamp="2022-11-14T16:16:32 IST" skipped="0">
  <testcase classname="testcases.DataProviders_2D_Computers_Accessories" name="testdatalogin" time="6.838"/>
  <system-out/>
</testsuite> <!-- testcases.DataProviders_2D_Computers_Accessories -->
