<?xml version="1.0" encoding="UTF-8"?>
<!-- Generated by org.testng.reporters.JUnitReportReporter -->
<testsuite hostname="prathi" failures="0" tests="5" name="testng_basics.Multiple_Methods" time="0.015" errors="0" timestamp="2022-11-09T12:28:37 IST" skipped="0">
  <testcase classname="testng_basics.Multiple_Methods" name="Testyantra" time="0.001"/>
  <system-out/>
  <testcase classname="testng_basics.Multiple_Methods" name="Tcs" time="0.001"/>
  <system-out/>
  <testcase classname="testng_basics.Multiple_Methods" name="Wipro" time="0.001"/>
  <system-out/>
  <testcase classname="testng_basics.Multiple_Methods" name="Byjus" time="0.011"/>
  <system-out/>
  <testcase classname="testng_basics.Multiple_Methods" name="Infosys" time="0.001"/>
  <system-out/>
</testsuite> <!-- testng_basics.Multiple_Methods -->
