<?xml version="1.0" encoding="UTF-8"?>
<!-- Generated by org.testng.reporters.JUnitReportReporter -->
<testsuite hostname="prathi" failures="0" tests="1" name="testcases.Testng_Computers_Accessories" time="6.297" errors="0" timestamp="2022-11-16T17:49:11 IST" skipped="0">
  <testcase classname="testcases.Testng_Computers_Accessories" name="computer" time="6.297"/>
  <system-out/>
</testsuite> <!-- testcases.Testng_Computers_Accessories -->
